<beans xmlns="http://www.springframework.org/schema/beans"
	xmlns:xsi="http://www.w3.org/2001/XMLSchema-instance"
	xmlns:dubbo="http://code.alibabatech.com/schema/dubbo"
	xsi:schemaLocation="http://www.springframework.org/schema/beans http://www.springframework.org/schema/beans/spring-beans-2.5.xsd
	http://code.alibabatech.com/schema/dubbo http://code.alibabatech.com/schema/dubbo/dubbo.xsd">

	<bean id="dubboApplicationConfig" class="com.alibaba.dubbo.config.ApplicationConfig">
		<property name="name" value="trademanager" />
	</bean>

	<bean id="dubboRegistryConfig" class="com.alibaba.dubbo.config.RegistryConfig">
		<property name="address" value="zookeeper://192.168.1.202:2181" />
	</bean>

	<bean id="dubboProtocolConfig" class="com.alibaba.dubbo.config.ProtocolConfig">
		<property name="port" value="20880" />
	</bean>

	<dubbo:reference
			id="mongoLbsService"
			interface="com.yimayhd.mapsearch.client.service.MongoLbsService"
			url="dubbo://127.0.0.1:20880"
			version="1.0.0.test" />


	<dubbo:reference
			id="carService"
			interface="com.yimayhd.mapsearch.client.service.CarService"
			url="dubbo://127.0.0.1:20880"
			timeout="1200000"
			version="1.0.0.test" />

	<!--<bean id="liveRecordHttpService" class="com.alibaba.dubbo.config.spring.ReferenceBean">
		<property name="interface" value="com.yimayhd.trademanager.api.LiveRecordHttpService"/>
		<property name="application" ref="dubboApplicationConfig"/>
		<property name="registry" ref="dubboRegistryConfig"/>
		<property name="version" value="1.0.0.test"/>
	</bean>-->
</beans>